<?xml version="1.0" encoding="UTF-8"?>
<!-- Generated by org.testng.reporters.JUnitReportReporter -->
<testsuite hostname="SHASHANK" failures="0" tests="1" name="com.crm.sdet.products.DeleteProductTest" time="23.463" errors="0" timestamp="2022-08-31T19:20:29 IST" skipped="0">
  <testcase classname="com.crm.sdet.products.DeleteProductTest" name="DeleteProduct" time="23.463"/>
  <system-out/>
</testsuite> <!-- com.crm.sdet.products.DeleteProductTest -->
