<?xml version="1.0" encoding="UTF-8"?>
<!-- Generated by org.testng.reporters.JUnitReportReporter -->
<testsuite hostname="SHASHANK" failures="0" tests="1" name="com.crm.sdet.campaigns.CampaignwithProductnameTest" time="32.068" errors="0" timestamp="2022-08-31T19:21:19 IST" skipped="0">
  <testcase classname="com.crm.sdet.campaigns.CampaignwithProductnameTest" name="CampaignwithProductname" time="32.068"/>
  <system-out/>
</testsuite> <!-- com.crm.sdet.campaigns.CampaignwithProductnameTest -->
