<?xml version="1.0" encoding="UTF-8"?>
<!-- Generated by org.testng.reporters.JUnitReportReporter -->
<testsuite hostname="SHASHANK" failures="0" tests="1" name="com.crm.sdet.organization.CreateOrganizationTest" time="20.211" errors="0" timestamp="2022-08-31T19:19:22 IST" skipped="0">
  <testcase classname="com.crm.sdet.organization.CreateOrganizationTest" name="CreateOrganization" time="20.211"/>
  <system-out/>
</testsuite> <!-- com.crm.sdet.organization.CreateOrganizationTest -->
