<?xml version="1.0" encoding="UTF-8"?>
<!-- Generated by org.testng.reporters.JUnitReportReporter -->
<testsuite hostname="SHASHANK" failures="0" tests="1" name="com.crm.sdet.products.CreateProductTest" time="18.891" errors="0" timestamp="2022-08-31T19:19:54 IST" skipped="0">
  <testcase classname="com.crm.sdet.products.CreateProductTest" name="CreateProduct" time="18.891"/>
  <system-out/>
</testsuite> <!-- com.crm.sdet.products.CreateProductTest -->
