<?xml version="1.0" encoding="UTF-8"?>
<!-- Generated by org.testng.reporters.JUnitReportReporter -->
<testsuite skipped="0" hostname="SHASHANK" name="com.crm.sdet.organization.CreateOrganizationTest" tests="1" failures="0" timestamp="2022-08-22T16:08:09 IST" time="26.412" errors="0">
  <testcase name="CreateOrganization" time="26.412" classname="com.crm.sdet.organization.CreateOrganizationTest"/>
  <system-out/>
</testsuite> <!-- com.crm.sdet.organization.CreateOrganizationTest -->
