<?xml version="1.0" encoding="UTF-8"?>
<!-- Generated by org.testng.reporters.JUnitReportReporter -->
<testsuite skipped="0" hostname="SHASHANK" name="com.crm.sdet.products.CreateProductTest" tests="1" failures="0" timestamp="2022-08-22T16:08:09 IST" time="26.993" errors="0">
  <testcase name="CreateProduct" time="26.993" classname="com.crm.sdet.products.CreateProductTest"/>
  <system-out/>
</testsuite> <!-- com.crm.sdet.products.CreateProductTest -->
