<?xml version="1.0" encoding="UTF-8"?>
<!-- Generated by org.testng.reporters.JUnitReportReporter -->
<testsuite skipped="0" hostname="SHASHANK" name="com.crm.sdet.products.DeleteProductTest" tests="1" failures="0" timestamp="2022-08-22T16:24:44 IST" time="30.008" errors="0">
  <testcase name="DeleteProduct" time="30.008" classname="com.crm.sdet.products.DeleteProductTest"/>
  <system-out/>
</testsuite> <!-- com.crm.sdet.products.DeleteProductTest -->
