<?xml version="1.0" encoding="UTF-8"?>
<!-- Generated by org.testng.reporters.JUnitReportReporter -->
<testsuite skipped="0" hostname="SHASHANK" name="com.crm.sdet.campaigns.CreateCampaignTest" tests="1" failures="0" timestamp="2022-08-22T16:24:44 IST" time="23.118" errors="0">
  <testcase name="CreateCampaigns" time="23.118" classname="com.crm.sdet.campaigns.CreateCampaignTest"/>
  <system-out/>
</testsuite> <!-- com.crm.sdet.campaigns.CreateCampaignTest -->
