<?xml version="1.0" encoding="UTF-8"?>
<!-- Generated by org.testng.reporters.JUnitReportReporter -->
<testsuite skipped="0" hostname="SHASHANK" name="com.crm.sdet.campaigns.CampaignwithProductnameTest" tests="1" failures="0" timestamp="2022-08-22T16:08:09 IST" time="46.156" errors="0">
  <testcase name="CampaignwithProductname" time="46.156" classname="com.crm.sdet.campaigns.CampaignwithProductnameTest"/>
  <system-out/>
</testsuite> <!-- com.crm.sdet.campaigns.CampaignwithProductnameTest -->
